<?xml version="1.0" encoding="UTF-8"?>
<testsuite xmlns:xsi="http://www.w3.org/2001/XMLSchema-instance" xsi:noNamespaceSchemaLocation="https://maven.apache.org/surefire/maven-surefire-plugin/xsd/surefire-test-report.xsd" name="com.appSmart.tests.runners.MyRunner" time="422.276" tests="20" errors="0" skipped="0" failures="0">
  <properties>
[...]
</properties>
  <testcase name="API basic test" classname="API testing" time="15.771"/>
  <testcase name="API hamcrest Machers Test" classname="API testing" time="8.893"/>
  <testcase name="User can add Grundpizza Margherita" classname="Menu Options" time="17.955"/>
  <testcase name="User can add Pizza Salami" classname="Menu Options" time="17.401"/>
  <testcase name="User can add Pizza Funghi" classname="Menu Options" time="18.001"/>
  <testcase name="User can add Grundpizza Margherita by choosing one option from all ekstra options" classname="Menu Options" time="19.95"/>
  <testcase name="User can add Pizza Quattro Stagioni by choosing one option from all ekstra options" classname="Menu Options" time="18.689"/>
  <testcase name="User can add Grundpizza Margheritaa by choosing ALL options from ALL ekstra options" classname="Menu Options" time="41.08"/>
  <testcase name="User can add Pizza Mafiaa by choosing ALL options from ALL ekstra options" classname="Menu Options" time="42.284"/>
  <testcase name="User can decrease number of products by clicking plus button" classname="Product Decrease and Increase" time="21.177"/>
  <testcase name="User can increase number of products by clicking plus button" classname="Product Decrease and Increase" time="22.558"/>
  <testcase name="User can decrease number of product by choosing the same product from products list" classname="Product Decrease and Increase" time="20.097"/>
  <testcase name="User can delete selected option by clicking increase button" classname="Delete selected product" time="18.091"/>
  <testcase name="User can buy any product when choosing pickup option with %10 discount" classname="Discount" time="21.542"/>
  <testcase name="User can buy any product when choosing pickup option with %10 discount" classname="Discount" time="18.557"/>
  <testcase name="User can choose Bremen Branch in opening page" classname="Navigate to branches" time="15.657"/>
  <testcase name="User can choose Bremen Branch in opening page" classname="Navigate to branches" time="21.221"/>
  <testcase name="User can choose Bremen Branch in opening page" classname="Navigate to branches" time="19.394"/>
  <testcase name="User can choose Delmenhorst Branch in opening page" classname="Navigate to branches" time="16.529"/>
  <testcase name="User can Order by clicking Order now button with filling blanks with valid credentials and cash" classname="Order the product" time="26.975"/>
</testsuite>